SF:lib/src/sqlite_db_tasks_api.dart
DA:10,2
DA:11,4
DA:12,2
DA:13,4
DA:15,4
DA:18,0
DA:19,0
DA:35,2
DA:36,4
DA:37,2
DA:38,0
DA:40,0
DA:42,0
DA:45,6
DA:46,4
DA:56,0
DA:57,0
DA:58,0
DA:59,0
DA:60,0
DA:62,0
DA:63,0
DA:64,0
DA:67,0
DA:69,0
DA:70,0
DA:72,0
DA:75,0
DA:79,0
DA:80,0
DA:81,0
DA:83,0
DA:87,0
DA:89,0
DA:93,2
DA:94,6
DA:95,4
DA:97,6
DA:98,4
DA:100,4
DA:104,2
DA:108,4
DA:111,4
DA:114,0
DA:115,0
DA:117,0
DA:121,0
DA:128,0
DA:129,0
DA:130,0
DA:131,0
DA:132,0
DA:134,0
DA:136,2
DA:137,4
LF:55
LH:21
end_of_record
